-------------------------------------------------------------------------------
Test set: com.qc.MostActiveCookieApplicationTests
-------------------------------------------------------------------------------
Tests run: 1, Failures: 0, Errors: 1, Skipped: 0, Time elapsed: 0.222 s <<< FAILURE! - in com.qc.MostActiveCookieApplicationTests
com.qc.MostActiveCookieApplicationTests  Time elapsed: 0.221 s  <<< ERROR!
java.lang.IllegalStateException: Unable to find a @SpringBootConfiguration, you need to use @ContextConfiguration or @SpringBootTest(classes=...) with your test

